194439
194439
41:40,025 - matplotlib - DEBUG - $HOME=/root
2020-05-18 11:41:40,026 - matplotlib - DEBUG - CONFIGDIR=/root/.config/matplotlib
2020-05-18 11:41:40,027 - matplotlib - DEBUG - matplotlib data path: /opt/conda/lib/python3.6/site-packages/matplotlib/mpl-data
2020-05-18 11:41:40,031 - matplotlib - DEBUG - loaded rc file /opt/conda/lib/python3.6/site-packages/matplotlib/mpl-data/matplotlibrc
2020-05-18 11:41:40,034 - matplotlib - DEBUG - matplotlib version 3.1.1
2020-05-18 11:41:40,034 - matplotlib - DEBUG - interactive is False
2020-05-18 11:41:40,035 - matplotlib - DEBUG - platform is linux
2020-05-18 11:41:40,035 - matplotlib - DEBUG - loaded modules: ['builtins', 'sys', '_frozen_importlib', '_imp', '_warnings', '_thread', '_weakref', '_frozen_importlib_external', '_io', 'marshal', 'posix', 'zipimport', 'encodings', 'codecs', '_codecs', 'encodings.aliases', 'encodings.utf_8', '_signal', '__main__', 'encodings.latin_1', 'io', 'abc', '_weakrefset', '_bootlocale', '_locale', 'site', 'os', 'errno', 'stat', '_stat', 'posixpath', 'genericpath', 'os.path', '_collections_abc', '_sitebuiltins', 'sysconfig', '_sysconfigdata_m_linux_x86_64-linux-gnu', 'types', 'functools', '_functools', 'collections', 'operator', '_operator', 'keyword', 'heapq', '_heapq', 'itertools', 'reprlib', '_collections', 'weakref', 'collections.abc', 'importlib', 'importlib._bootstrap', 'importlib._bootstrap_external', 'warnings', 'importlib.util', 'importlib.abc', 'importlib.machinery', 'contextlib', 'google', 'google.cloud', 'google.logging', 'mpl_toolkits', 'sphinxcontrib', 'zope', 'logging', 'time', 'traceback', 'linecache', 'tokenize', 're', 'enum', 'sre_compile', '_sre', 'sre_parse', 'sre_constants', 'copyreg', 'token', 'string', '_string', 'threading', 'atexit', 'gzip', 'struct', '_struct', 'zlib', '_compression', 'pandas', 'numpy', '__future__', 'numpy._globals', 'numpy.__config__', 'numpy.version', 'numpy._distributor_init', 'ctypes', '_ctypes', 'ctypes._endian', 'numpy._mklinit', 'numpy.core', 'numpy.core.info', 'numpy.core.multiarray', 'numpy.core.overrides', 'datetime', 'math', '_datetime', 'numpy.core._multiarray_umath', 'numpy.compat', 'numpy.compat._inspect', 'numpy.compat.py3k', 'pathlib', 'fnmatch', 'ntpath', 'urllib', 'urllib.parse', 'numpy.core.umath', 'numpy.core.numerictypes', 'numbers', 'numpy.core._string_helpers', 'numpy.core._type_aliases', 'numpy.core._dtype', 'numpy.core.numeric', 'numpy.core._internal', 'platform', 'subprocess', 'signal', '_posixsubprocess', 'select', 'selectors', 'pickle', '_compat_pickle', '_pickle', 'numpy.core.fromnumeric', 'numpy.core._methods', 'numpy.core.arrayprint', 'numpy.core.defchararray', 'numpy.core.records', 'numpy.core.memmap', 'numpy.core.function_base', 'numpy.core.machar', 'numpy.core.getlimits', 'numpy.core.shape_base', 'numpy.core.einsumfunc', 'numpy.core._add_newdocs', 'numpy.core._multiarray_tests', 'numpy.core._dtype_ctypes', 'numpy._pytesttester', 'numpy.lib', 'numpy.lib.info', 'numpy.lib.type_check', 'numpy.lib.ufunclike', 'numpy.lib.index_tricks', 'numpy.matrixlib', 'numpy.matrixlib.defmatrix', 'ast', '_ast', 'numpy.linalg', 'numpy.linalg.info', 'numpy.linalg.linalg', 'numpy.lib.twodim_base', 'numpy.linalg.lapack_lite', 'numpy.linalg._umath_linalg', 'numpy.lib.function_base', 'numpy.lib.utils', 'numpy.lib.histograms', 'numpy.lib.stride_tricks', 'numpy.lib.mixins', 'numpy.lib.nanfunctions', 'numpy.lib.shape_base', 'numpy.lib.scimath', 'numpy.lib.polynomial', 'numpy.lib.arraysetops', 'numpy.lib.npyio', 'numpy.lib.format', 'numpy.lib._datasource', 'shutil', 'bz2', '_bz2', 'lzma', '_lzma', 'pwd', 'grp', 'numpy.lib._iotools', 'numpy.lib.financial', 'decimal', '_decimal', 'numpy.lib.arrayterator', 'numpy.lib.arraypad', 'numpy.lib._version', 'numpy.fft', 'numpy.fft.info', 'numpy.fft.fftpack', 'numpy.fft.fftpack_lite', 'numpy.fft.helper', 'mkl_fft', 'mkl_fft._pydfti', '_cython_0_29_12', 'cython_runtime', 'mkl_fft._version', 'mkl_fft._numpy_fft', 'mkl_fft._float_utils', 'numpy.polynomial', 'numpy.polynomial.polynomial', 'numpy.polynomial.polyutils', 'numpy.polynomial._polybase', 'numpy.polynomial.chebyshev', 'numpy.polynomial.legendre', 'numpy.polynomial.hermite', 'numpy.polynomial.hermite_e', 'numpy.polynomial.laguerre', 'numpy.random', 'numpy.random.mtrand', 'mtrand', 'numpy.ctypeslib', 'numpy.ma', 'numpy.ma.core', 'textwrap', 'numpy.ma.extras', 'numpy.testing', 'unittest', 'unittest.result', 'unittest.util', 'unittest.case', 'difflib', 'pprint', 'unittest.suite', 'unittest.loader', 'unittest.main', 'argparse', 'copy', 'gettext', 'locale', 'unittest.runner', 'unittest.signals', 'numpy.testing._private', 'numpy.testing._private.utils', 'gc', 'tempfile', 'random', 'hashlib', '_hashlib', '_blake2', '_sha3', 'bisect', '_bisect', '_random', 'numpy.testing._private.decorators', 'numpy.testing._private.nosetester', 'pytz', 'pytz.exceptions', 'pytz.lazy', 'pytz.tzinfo', 'pytz.tzfile', 'dateutil', 'dateutil._version', 'pandas.compat', 'pandas.compat.numpy', 'distutils', 'distutils.version', 'pandas._libs', 'pandas._libs.tslibs', 'pandas._libs.tslibs.conversion', 'pandas._libs.tslibs.c_timestamp', 'pandas._libs.tslibs.nattype', '_cython_0_29_13', 'pandas._libs.tslibs.np_datetime', 'pandas._libs.tslibs.timezones', 'dateutil.tz', 'dateutil.tz.tz', 'six', 'six.moves', 'dateutil.tz._common', 'dateutil.tz._factories', 'pandas._libs.tslibs.tzconversion', 'pandas._libs.tslibs.timedeltas', 'pandas._libs.tslibs.offsets', 'pandas._libs.tslibs.ccalendar', 'pandas._config', 'pandas._config.config', 'typing', 'typing.io', 'typing.re', 'pandas._config.dates', 'pandas._config.display', 'pandas._config.localization', 'pandas._libs.tslibs.strptime', 'calendar', 'dateutil.relativedelta', 'dateutil._common', 'pandas._libs.tslibs.fields', 'pandas._libs.tslibs.parsing', 'dateutil.parser', 'dateutil.parser._parser', 'dateutil.parser.isoparser', 'pandas._libs.tslibs.period', 'pandas._libs.tslibs.frequencies', 'pandas._libs.tslibs.timestamps', 'pandas._libs.tslibs.resolution', 'pandas._libs.hashtable', 'pandas._libs.missing', 'pandas._libs.lib', 'fractions', 'pandas._libs.tslib', 'pandas.core', 'pandas.core.config_init', 'pandas.core.api', 'pandas.core.arrays', 'pandas.core.arrays.array_', 'pandas.core.dtypes', 'pandas.core.dtypes.common', 'pandas._libs.algos', 'pandas.core.dtypes.dtypes', 'pandas._libs.interval', 'pandas.core.dtypes.generic', 'pandas.core.dtypes.base', 'pandas.errors', 'pandas.core.dtypes.inference', 'pandas._typing', 'pandas.core.arrays.base', 'pandas.compat.numpy.function', 'pandas.util', 'pandas.util._decorators', 'inspect', 'dis', 'opcode', '_opcode', 'pandas._libs.properties', 'pandas.core.util', 'pandas.core.util.hashing', 'pandas._libs.hashing', 'pandas.core.dtypes.cast', 'pandas.core.dtypes.missing', 'pandas.util._validators', 'pandas.core.ops', 'pandas._libs.ops', 'pandas.core.common', 'pandas.core.ops.missing', 'pandas.core.ops.roperator', 'pandas.core.ops.docstrings', 'pandas.core.sorting', 'pandas.core.algorithms', 'pandas.core.indexers', 'pandas.core.arrays.categorical', 'pandas.core.accessor', 'pandas.core.base', 'pandas.core.nanops', 'pandas.compat._optional', 'bottleneck', 'bottleneck.reduce', 'bottleneck.nonreduce', 'bottleneck.nonreduce_axis', 'bottleneck.move', 'bottleneck.slow', 'bottleneck.slow.reduce', 'bottleneck.slow.nonreduce', 'bottleneck.slow.nonreduce_axis', 'bottleneck.slow.move', 'bottleneck.version', 'bottleneck.benchmark', 'bottleneck.benchmark.bench', 'bottleneck.benchmark.autotimeit', 'timeit', 'bottleneck.benchmark.bench_detailed', 'bottleneck.tests', 'bottleneck.tests.util', 'pandas.core.missing', 'pandas.io', 'pandas.io.formats', 'pandas.io.formats.console', 'pandas.core.arrays.datetimes', 'pandas.core.arrays.datetimelike', 'pandas.tseries', 'pandas.tseries.frequencies', 'pandas.tseries.offsets', 'dateutil.easter', 'pandas.core.tools', 'pandas.core.tools.datetimes', 'pandas.core.arrays._ranges', 'pandas.core.arrays.integer', 'pandas.core.tools.numeric', 'pandas.core.arrays.interval', 'pandas.core.indexes', 'pandas.core.indexes.base', 'pandas._libs.index', 'pandas._libs.join', 'pandas.core.dtypes.concat', 'pandas.core.indexes.frozen', 'pandas.io.formats.printing', 'pandas.core.strings', 'pandas.core.arrays.numpy_', 'pandas.core.arrays.period', 'pandas.core.arrays.sparse', 'pandas._libs.sparse', 'pandas.core.arrays.timedeltas', 'pandas.core.groupby', 'pandas.core.groupby.generic', 'pandas.core.frame', 'pandas.core.generic', 'json', 'json.decoder', 'json.scanner', '_json', 'json.encoder', 'pandas.core.index', 'pandas.core.indexes.api', 'pandas.core.indexes.category', 'pandas.core.indexes.datetimes', 'pandas.core.indexes.datetimelike', 'pandas.core.tools.timedeltas', 'pandas.core.indexes.numeric', 'pandas.core.indexes.interval', 'pandas.util._exceptions', 'pandas.core.indexes.multi', 'pandas.core.indexes.timedeltas', 'pandas.core.indexes.period', 'pandas.core.indexes.range', 'pandas.core.indexing', 'pandas._libs.indexing', 'pandas.core.internals', 'pandas.core.internals.blocks', 'pandas._libs.internals', 'pandas.core.internals.arrays', 'pandas.core.internals.managers', 'pandas.core.internals.concat', 'pandas.io.formats.format', 'unicodedata', 'pandas.io.common', 'csv', '_csv', 'http', 'http.client', 'email', 'email.parser', 'email.feedparser', 'email.errors', 'email._policybase', 'email.header', 'binascii', 'email.quoprimime', 'email.base64mime', 'base64', 'email.charset', 'email.encoders', 'quopri', 'email.utils', 'socket', '_socket', 'email._parseaddr', 'email.message', 'uu', 'email._encoded_words', 'email.iterators', 'ssl', 'ipaddress', '_ssl', 'mmap', 'urllib.error', 'urllib.response', 'urllib.request', 'zipfile', 'pandas.core.internals.construction', 'pandas.core.series', 'pandas._libs.reshape', 'pandas.core.indexes.accessors', 'pandas.plotting', 'pandas.plotting._core', 'pandas.plotting._matplotlib', 'pandas.plotting._matplotlib.boxplot', 'matplotlib', 'matplotlib.cbook', 'glob', 'matplotlib.cbook.deprecation', 'matplotlib.rcsetup', 'matplotlib.fontconfig_pattern', 'pyparsing', 'matplotlib.colors', 'matplotlib._color_data', 'cycler', 'matplotlib._version', 'matplotlib.ft2font', 'kiwisolver']
2020-05-18 11:41:40,092 - matplotlib - DEBUG - CACHEDIR=/root/.cache/matplotlib
2020-05-18 11:41:40,093 - matplotlib.font_manager - DEBUG - Using fontManager instance from /root/.cache/matplotlib/fontlist-v310.json
2020-05-18 11:41:48,270 - root - DEBUG - 0.1
2020-05-18 11:41:48,271 - root - DEBUG - 0.9
2020-05-18 11:41:48,379 - root - DEBUG - label encoding done
2020-05-18 11:42:06,224 - root - DEBUG - feature extractiion: BoW + TF-IDF done
2020-05-18 11:42:25,483 - root - DEBUG - transformation into tfidf vectors done
2020-05-18 11:42:25,915 - root - DEBUG - model building, training and prediction done
2020-05-18 11:42:25,915 - root - DEBUG - train: 0.9/ test: 0.1
2020-05-18 11:42:25,930 - root - DEBUG - Accuracy:0.5610985393951862
2020-05-18 11:42:25,930 - root - DEBUG - Precision:0.3128708969118718
2020-05-18 11:42:25,930 - root - DEBUG - F1:0.14852788448181325
2020-05-18 11:42:25,931 - root - DEBUG - 0.2
2020-05-18 11:42:25,931 - root - DEBUG - 0.8
2020-05-18 11:42:26,087 - root - DEBUG - label encoding done
2020-05-18 11:42:43,039 - root - DEBUG - feature extractiion: BoW + TF-IDF done
2020-05-18 11:43:02,044 - root - DEBUG - transformation into tfidf vectors done
2020-05-18 11:43:02,329 - root - DEBUG - model building, training and prediction done
2020-05-18 11:43:02,330 - root - DEBUG - train: 0.8/ test: 0.2
2020-05-18 11:43:02,358 - root - DEBUG - Accuracy:0.559247068504423
2020-05-18 11:43:02,358 - root - DEBUG - Precision:0.32063964173048987
2020-05-18 11:43:02,359 - root - DEBUG - F1:0.14668976200289172
2020-05-18 11:43:02,359 - root - DEBUG - 0.3
2020-05-18 11:43:02,359 - root - DEBUG - 0.7
2020-05-18 11:43:02,460 - root - DEBUG - label encoding done
2020-05-18 11:43:19,399 - root - DEBUG - feature extractiion: BoW + TF-IDF done
2020-05-18 11:43:38,389 - root - DEBUG - transformation into tfidf vectors done
2020-05-18 11:43:38,685 - root - DEBUG - model building, training and prediction done
2020-05-18 11:43:38,685 - root - DEBUG - train: 0.7/ test: 0.3
2020-05-18 11:43:38,732 - root - DEBUG - Accuracy:0.5594527874922856
2020-05-18 11:43:38,732 - root - DEBUG - Precision:0.29114904143475573
2020-05-18 11:43:38,733 - root - DEBUG - F1:0.1453772850881709
2020-05-18 11:43:38,733 - root - DEBUG - 0.4
2020-05-18 11:43:38,733 - root - DEBUG - 0.6
2020-05-18 11:43:38,869 - root - DEBUG - label encoding done
2020-05-18 11:43:56,036 - root - DEBUG - feature extractiion: BoW + TF-IDF done
2020-05-18 11:44:14,675 - root - DEBUG - transformation into tfidf vectors done
2020-05-18 11:44:14,984 - root - DEBUG - model building, training and prediction done
2020-05-18 11:44:14,985 - root - DEBUG - train: 0.6/ test: 0.4
2020-05-18 11:44:15,044 - root - DEBUG - Accuracy:0.5603142357539601
2020-05-18 11:44:15,044 - root - DEBUG - Precision:0.32405418454246226
2020-05-18 11:44:15,044 - root - DEBUG - F1:0.14506125098421993
2020-05-18 11:44:15,044 - root - DEBUG - 0.5
2020-05-18 11:44:15,044 - root - DEBUG - 0.5
2020-05-18 11:44:15,177 - root - DEBUG - label encoding done
2020-05-18 11:44:32,149 - root - DEBUG - feature extractiion: BoW + TF-IDF done
2020-05-18 11:44:50,985 - root - DEBUG - transformation into tfidf vectors done
2020-05-18 11:44:51,250 - root - DEBUG - model building, training and prediction done
2020-05-18 11:44:51,250 - root - DEBUG - train: 0.5/ test: 0.5
2020-05-18 11:44:51,323 - root - DEBUG - Accuracy:0.5589384900226291
2020-05-18 11:44:51,323 - root - DEBUG - Precision:0.32099071350348635
2020-05-18 11:44:51,323 - root - DEBUG - F1:0.14444339882629603
2020-09-06 15:39:10,847 - root - DEBUG - RUN: CountVectorizer, MultinomialNB on imbalanced Data set
2020-09-06 15:39:10,905 - root - DEBUG - label encoding done
2020-09-06 15:39:27,459 - root - DEBUG - feature extractiion: BoW + TF-IDF done
2020-09-06 15:39:43,777 - root - DEBUG - transformation into tfidf vectors done
2020-09-06 15:39:43,777 - root - DEBUG - Training set:
2020-09-06 15:39:43,823 - root - DEBUG - [(0, 11939), (1, 9943), (2, 19328), (3, 36023), (4, 97762)]
2020-09-06 15:58:43,686 - root - DEBUG - RUN: CountVectorizer, MultinomialNB on imbalanced Data set
2020-09-06 15:58:43,687 - root - DEBUG - 0.1
2020-09-06 15:58:43,687 - root - DEBUG - 0.9
2020-09-06 15:58:56,684 - root - DEBUG - feature extractiion: CountVectorizer done
2020-09-06 15:59:09,410 - root - DEBUG - transformation into count vectors done
2020-09-06 15:59:09,410 - root - DEBUG - Training set:
2020-09-06 15:59:09,440 - root - DEBUG - [(1.0, 11939), (2.0, 9943), (3.0, 19328), (4.0, 36023), (5.0, 97762)]
2020-09-06 15:59:09,568 - root - DEBUG - model building, training and prediction done
2020-09-06 15:59:09,568 - root - DEBUG - model building, training and prediction done
2020-09-06 15:59:09,597 - root - DEBUG - Training target statistics: Counter({5.0: 97762, 4.0: 36023, 3.0: 19328, 1.0: 11939, 2.0: 9943})
2020-09-06 15:59:09,601 - root - DEBUG - Testing target statistics: Counter({5.0: 10902, 4.0: 3970, 3.0: 2111, 1.0: 1340, 2.0: 1121})
2020-09-06 15:59:09,601 - root - DEBUG - train: 0.9/ test: 0.1
2020-09-06 15:59:09,616 - root - DEBUG - Accuracy:0.619214153466365
2020-09-06 15:59:09,616 - root - DEBUG - Precision:0.4447424149298974
2020-09-06 15:59:09,616 - root - DEBUG - F1:0.41651862996791006
2020-09-06 15:59:09,616 - root - DEBUG - 0.2
2020-09-06 15:59:09,616 - root - DEBUG - 0.8
2020-09-06 15:59:23,069 - root - DEBUG - feature extractiion: CountVectorizer done
2020-09-06 15:59:36,554 - root - DEBUG - transformation into count vectors done
2020-09-06 15:59:36,554 - root - DEBUG - Training set:
2020-09-06 15:59:36,583 - root - DEBUG - [(1.0, 10585), (2.0, 8858), (3.0, 17224), (4.0, 31958), (5.0, 86926)]
2020-09-06 15:59:36,711 - root - DEBUG - model building, training and prediction done
2020-09-06 15:59:36,711 - root - DEBUG - model building, training and prediction done
2020-09-06 15:59:36,739 - root - DEBUG - Training target statistics: Counter({5.0: 86926, 4.0: 31958, 3.0: 17224, 1.0: 10585, 2.0: 8858})
2020-09-06 15:59:36,746 - root - DEBUG - Testing target statistics: Counter({5.0: 21738, 4.0: 8035, 3.0: 4215, 1.0: 2694, 2.0: 2206})
2020-09-06 15:59:36,746 - root - DEBUG - train: 0.8/ test: 0.2
2020-09-06 15:59:36,777 - root - DEBUG - Accuracy:0.6133254474387986
2020-09-06 15:59:36,777 - root - DEBUG - Precision:0.43853079619323176
2020-09-06 15:59:36,777 - root - DEBUG - F1:0.40487418844859857
2020-09-06 15:59:36,777 - root - DEBUG - 0.3
2020-09-06 15:59:36,777 - root - DEBUG - 0.7
2020-09-06 15:59:51,066 - root - DEBUG - feature extractiion: CountVectorizer done
2020-09-06 16:00:05,848 - root - DEBUG - transformation into count vectors done
2020-09-06 16:00:05,848 - root - DEBUG - Training set:
2020-09-06 16:00:05,874 - root - DEBUG - [(1.0, 9285), (2.0, 7758), (3.0, 15055), (4.0, 27974), (5.0, 76035)]
2020-09-06 16:00:06,016 - root - DEBUG - model building, training and prediction done
2020-09-06 16:00:06,017 - root - DEBUG - model building, training and prediction done
2020-09-06 16:00:06,043 - root - DEBUG - Training target statistics: Counter({5.0: 76035, 4.0: 27974, 3.0: 15055, 1.0: 9285, 2.0: 7758})
2020-09-06 16:00:06,056 - root - DEBUG - Testing target statistics: Counter({5.0: 32629, 4.0: 12019, 3.0: 6384, 1.0: 3994, 2.0: 3306})
2020-09-06 16:00:06,056 - root - DEBUG - train: 0.7/ test: 0.3
2020-09-06 16:00:06,105 - root - DEBUG - Accuracy:0.6142597545086745
2020-09-06 16:00:06,105 - root - DEBUG - Precision:0.443956503719113
2020-09-06 16:00:06,106 - root - DEBUG - F1:0.39971071440899913
2020-09-06 16:00:06,106 - root - DEBUG - 0.4
2020-09-06 16:00:06,106 - root - DEBUG - 0.6
2020-09-06 16:00:20,583 - root - DEBUG - feature extractiion: CountVectorizer done
2020-09-06 16:00:34,697 - root - DEBUG - transformation into count vectors done
2020-09-06 16:00:34,697 - root - DEBUG - Training set:
2020-09-06 16:00:34,720 - root - DEBUG - [(1.0, 7979), (2.0, 6669), (3.0, 12926), (4.0, 23995), (5.0, 65094)]
2020-09-06 16:00:34,879 - root - DEBUG - model building, training and prediction done
2020-09-06 16:00:34,879 - root - DEBUG - model building, training and prediction done
2020-09-06 16:00:34,902 - root - DEBUG - Training target statistics: Counter({5.0: 65094, 4.0: 23995, 3.0: 12926, 1.0: 7979, 2.0: 6669})
2020-09-06 16:00:34,918 - root - DEBUG - Testing target statistics: Counter({5.0: 43570, 4.0: 15998, 3.0: 8513, 1.0: 5300, 2.0: 4395})
2020-09-06 16:00:34,919 - root - DEBUG - train: 0.6/ test: 0.4
2020-09-06 16:00:34,991 - root - DEBUG - Accuracy:0.6152797778234931
2020-09-06 16:00:34,991 - root - DEBUG - Precision:0.4484000064519672
2020-09-06 16:00:34,991 - root - DEBUG - F1:0.3933849702340534
2020-09-06 16:00:34,991 - root - DEBUG - 0.5
2020-09-06 16:00:34,991 - root - DEBUG - 0.5
2020-09-06 16:00:48,906 - root - DEBUG - feature extractiion: CountVectorizer done
2020-09-06 16:01:03,270 - root - DEBUG - transformation into count vectors done
2020-09-06 16:01:03,271 - root - DEBUG - Training set:
2020-09-06 16:01:03,292 - root - DEBUG - [(1.0, 6620), (2.0, 5556), (3.0, 10711), (4.0, 20022), (5.0, 54310)]
2020-09-06 16:01:03,430 - root - DEBUG - model building, training and prediction done
2020-09-06 16:01:03,430 - root - DEBUG - model building, training and prediction done
2020-09-06 16:01:03,449 - root - DEBUG - Training target statistics: Counter({5.0: 54310, 4.0: 20022, 3.0: 10711, 1.0: 6620, 2.0: 5556})
2020-09-06 16:01:03,469 - root - DEBUG - Testing target statistics: Counter({5.0: 54354, 4.0: 19971, 3.0: 10728, 1.0: 6659, 2.0: 5508})
2020-09-06 16:01:03,470 - root - DEBUG - train: 0.5/ test: 0.5
2020-09-06 16:01:03,551 - root - DEBUG - Accuracy:0.6122094219296441
2020-09-06 16:01:03,551 - root - DEBUG - Precision:0.4507058877781581
2020-09-06 16:01:03,551 - root - DEBUG - F1:0.3792052045193023
