2020-05-22 12:55:21,476 - matplotlib - DEBUG - $HOME=/root
2020-05-22 12:55:21,477 - matplotlib - DEBUG - CONFIGDIR=/root/.config/matplotlib
2020-05-22 12:55:21,477 - matplotlib - DEBUG - matplotlib data path: /opt/conda/lib/python3.6/site-packages/matplotlib/mpl-data
2020-05-22 12:55:21,481 - matplotlib - DEBUG - loaded rc file /opt/conda/lib/python3.6/site-packages/matplotlib/mpl-data/matplotlibrc
2020-05-22 12:55:21,484 - matplotlib - DEBUG - matplotlib version 3.1.1
2020-05-22 12:55:21,484 - matplotlib - DEBUG - interactive is False
2020-05-22 12:55:21,485 - matplotlib - DEBUG - platform is linux
2020-05-22 12:55:21,485 - matplotlib - DEBUG - loaded modules: ['builtins', 'sys', '_frozen_importlib', '_imp', '_warnings', '_thread', '_weakref', '_frozen_importlib_external', '_io', 'marshal', 'posix', 'zipimport', 'encodings', 'codecs', '_codecs', 'encodings.aliases', 'encodings.utf_8', '_signal', '__main__', 'encodings.latin_1', 'io', 'abc', '_weakrefset', '_bootlocale', '_locale', 'site', 'os', 'errno', 'stat', '_stat', 'posixpath', 'genericpath', 'os.path', '_collections_abc', '_sitebuiltins', 'sysconfig', '_sysconfigdata_m_linux_x86_64-linux-gnu', 'types', 'functools', '_functools', 'collections', 'operator', '_operator', 'keyword', 'heapq', '_heapq', 'itertools', 'reprlib', '_collections', 'weakref', 'collections.abc', 'importlib', 'importlib._bootstrap', 'importlib._bootstrap_external', 'warnings', 'importlib.util', 'importlib.abc', 'importlib.machinery', 'contextlib', 'google', 'google.cloud', 'google.logging', 'mpl_toolkits', 'sphinxcontrib', 'zope', 'logging', 'time', 'traceback', 'linecache', 'tokenize', 're', 'enum', 'sre_compile', '_sre', 'sre_parse', 'sre_constants', 'copyreg', 'token', 'string', '_string', 'threading', 'atexit', 'gzip', 'struct', '_struct', 'zlib', '_compression', 'pandas', 'numpy', '__future__', 'numpy._globals', 'numpy.__config__', 'numpy.version', 'numpy._distributor_init', 'ctypes', '_ctypes', 'ctypes._endian', 'numpy._mklinit', 'numpy.core', 'numpy.core.info', 'numpy.core.multiarray', 'numpy.core.overrides', 'datetime', 'math', '_datetime', 'numpy.core._multiarray_umath', 'numpy.compat', 'numpy.compat._inspect', 'numpy.compat.py3k', 'pathlib', 'fnmatch', 'ntpath', 'urllib', 'urllib.parse', 'numpy.core.umath', 'numpy.core.numerictypes', 'numbers', 'numpy.core._string_helpers', 'numpy.core._type_aliases', 'numpy.core._dtype', 'numpy.core.numeric', 'numpy.core._internal', 'platform', 'subprocess', 'signal', '_posixsubprocess', 'select', 'selectors', 'pickle', '_compat_pickle', '_pickle', 'numpy.core.fromnumeric', 'numpy.core._methods', 'numpy.core.arrayprint', 'numpy.core.defchararray', 'numpy.core.records', 'numpy.core.memmap', 'numpy.core.function_base', 'numpy.core.machar', 'numpy.core.getlimits', 'numpy.core.shape_base', 'numpy.core.einsumfunc', 'numpy.core._add_newdocs', 'numpy.core._multiarray_tests', 'numpy.core._dtype_ctypes', 'numpy._pytesttester', 'numpy.lib', 'numpy.lib.info', 'numpy.lib.type_check', 'numpy.lib.ufunclike', 'numpy.lib.index_tricks', 'numpy.matrixlib', 'numpy.matrixlib.defmatrix', 'ast', '_ast', 'numpy.linalg', 'numpy.linalg.info', 'numpy.linalg.linalg', 'numpy.lib.twodim_base', 'numpy.linalg.lapack_lite', 'numpy.linalg._umath_linalg', 'numpy.lib.function_base', 'numpy.lib.utils', 'numpy.lib.histograms', 'numpy.lib.stride_tricks', 'numpy.lib.mixins', 'numpy.lib.nanfunctions', 'numpy.lib.shape_base', 'numpy.lib.scimath', 'numpy.lib.polynomial', 'numpy.lib.arraysetops', 'numpy.lib.npyio', 'numpy.lib.format', 'numpy.lib._datasource', 'shutil', 'bz2', '_bz2', 'lzma', '_lzma', 'pwd', 'grp', 'numpy.lib._iotools', 'numpy.lib.financial', 'decimal', '_decimal', 'numpy.lib.arrayterator', 'numpy.lib.arraypad', 'numpy.lib._version', 'numpy.fft', 'numpy.fft.info', 'numpy.fft.fftpack', 'numpy.fft.fftpack_lite', 'numpy.fft.helper', 'mkl_fft', 'mkl_fft._pydfti', '_cython_0_29_12', 'cython_runtime', 'mkl_fft._version', 'mkl_fft._numpy_fft', 'mkl_fft._float_utils', 'numpy.polynomial', 'numpy.polynomial.polynomial', 'numpy.polynomial.polyutils', 'numpy.polynomial._polybase', 'numpy.polynomial.chebyshev', 'numpy.polynomial.legendre', 'numpy.polynomial.hermite', 'numpy.polynomial.hermite_e', 'numpy.polynomial.laguerre', 'numpy.random', 'numpy.random.mtrand', 'mtrand', 'numpy.ctypeslib', 'numpy.ma', 'numpy.ma.core', 'textwrap', 'numpy.ma.extras', 'numpy.testing', 'unittest', 'unittest.result', 'unittest.util', 'unittest.case', 'difflib', 'pprint', 'unittest.suite', 'unittest.loader', 'unittest.main', 'argparse', 'copy', 'gettext', 'locale', 'unittest.runner', 'unittest.signals', 'numpy.testing._private', 'numpy.testing._private.utils', 'gc', 'tempfile', 'random', 'hashlib', '_hashlib', '_blake2', '_sha3', 'bisect', '_bisect', '_random', 'numpy.testing._private.decorators', 'numpy.testing._private.nosetester', 'pytz', 'pytz.exceptions', 'pytz.lazy', 'pytz.tzinfo', 'pytz.tzfile', 'dateutil', 'dateutil._version', 'pandas.compat', 'pandas.compat.numpy', 'distutils', 'distutils.version', 'pandas._libs', 'pandas._libs.tslibs', 'pandas._libs.tslibs.conversion', 'pandas._libs.tslibs.c_timestamp', 'pandas._libs.tslibs.nattype', '_cython_0_29_13', 'pandas._libs.tslibs.np_datetime', 'pandas._libs.tslibs.timezones', 'dateutil.tz', 'dateutil.tz.tz', 'six', 'six.moves', 'dateutil.tz._common', 'dateutil.tz._factories', 'pandas._libs.tslibs.tzconversion', 'pandas._libs.tslibs.timedeltas', 'pandas._libs.tslibs.offsets', 'pandas._libs.tslibs.ccalendar', 'pandas._config', 'pandas._config.config', 'typing', 'typing.io', 'typing.re', 'pandas._config.dates', 'pandas._config.display', 'pandas._config.localization', 'pandas._libs.tslibs.strptime', 'calendar', 'dateutil.relativedelta', 'dateutil._common', 'pandas._libs.tslibs.fields', 'pandas._libs.tslibs.parsing', 'dateutil.parser', 'dateutil.parser._parser', 'dateutil.parser.isoparser', 'pandas._libs.tslibs.period', 'pandas._libs.tslibs.frequencies', 'pandas._libs.tslibs.timestamps', 'pandas._libs.tslibs.resolution', 'pandas._libs.hashtable', 'pandas._libs.missing', 'pandas._libs.lib', 'fractions', 'pandas._libs.tslib', 'pandas.core', 'pandas.core.config_init', 'pandas.core.api', 'pandas.core.arrays', 'pandas.core.arrays.array_', 'pandas.core.dtypes', 'pandas.core.dtypes.common', 'pandas._libs.algos', 'pandas.core.dtypes.dtypes', 'pandas._libs.interval', 'pandas.core.dtypes.generic', 'pandas.core.dtypes.base', 'pandas.errors', 'pandas.core.dtypes.inference', 'pandas._typing', 'pandas.core.arrays.base', 'pandas.compat.numpy.function', 'pandas.util', 'pandas.util._decorators', 'inspect', 'dis', 'opcode', '_opcode', 'pandas._libs.properties', 'pandas.core.util', 'pandas.core.util.hashing', 'pandas._libs.hashing', 'pandas.core.dtypes.cast', 'pandas.core.dtypes.missing', 'pandas.util._validators', 'pandas.core.ops', 'pandas._libs.ops', 'pandas.core.common', 'pandas.core.ops.missing', 'pandas.core.ops.roperator', 'pandas.core.ops.docstrings', 'pandas.core.sorting', 'pandas.core.algorithms', 'pandas.core.indexers', 'pandas.core.arrays.categorical', 'pandas.core.accessor', 'pandas.core.base', 'pandas.core.nanops', 'pandas.compat._optional', 'bottleneck', 'bottleneck.reduce', 'bottleneck.nonreduce', 'bottleneck.nonreduce_axis', 'bottleneck.move', 'bottleneck.slow', 'bottleneck.slow.reduce', 'bottleneck.slow.nonreduce', 'bottleneck.slow.nonreduce_axis', 'bottleneck.slow.move', 'bottleneck.version', 'bottleneck.benchmark', 'bottleneck.benchmark.bench', 'bottleneck.benchmark.autotimeit', 'timeit', 'bottleneck.benchmark.bench_detailed', 'bottleneck.tests', 'bottleneck.tests.util', 'pandas.core.missing', 'pandas.io', 'pandas.io.formats', 'pandas.io.formats.console', 'pandas.core.arrays.datetimes', 'pandas.core.arrays.datetimelike', 'pandas.tseries', 'pandas.tseries.frequencies', 'pandas.tseries.offsets', 'dateutil.easter', 'pandas.core.tools', 'pandas.core.tools.datetimes', 'pandas.core.arrays._ranges', 'pandas.core.arrays.integer', 'pandas.core.tools.numeric', 'pandas.core.arrays.interval', 'pandas.core.indexes', 'pandas.core.indexes.base', 'pandas._libs.index', 'pandas._libs.join', 'pandas.core.dtypes.concat', 'pandas.core.indexes.frozen', 'pandas.io.formats.printing', 'pandas.core.strings', 'pandas.core.arrays.numpy_', 'pandas.core.arrays.period', 'pandas.core.arrays.sparse', 'pandas._libs.sparse', 'pandas.core.arrays.timedeltas', 'pandas.core.groupby', 'pandas.core.groupby.generic', 'pandas.core.frame', 'pandas.core.generic', 'json', 'json.decoder', 'json.scanner', '_json', 'json.encoder', 'pandas.core.index', 'pandas.core.indexes.api', 'pandas.core.indexes.category', 'pandas.core.indexes.datetimes', 'pandas.core.indexes.datetimelike', 'pandas.core.tools.timedeltas', 'pandas.core.indexes.numeric', 'pandas.core.indexes.interval', 'pandas.util._exceptions', 'pandas.core.indexes.multi', 'pandas.core.indexes.timedeltas', 'pandas.core.indexes.period', 'pandas.core.indexes.range', 'pandas.core.indexing', 'pandas._libs.indexing', 'pandas.core.internals', 'pandas.core.internals.blocks', 'pandas._libs.internals', 'pandas.core.internals.arrays', 'pandas.core.internals.managers', 'pandas.core.internals.concat', 'pandas.io.formats.format', 'unicodedata', 'pandas.io.common', 'csv', '_csv', 'http', 'http.client', 'email', 'email.parser', 'email.feedparser', 'email.errors', 'email._policybase', 'email.header', 'binascii', 'email.quoprimime', 'email.base64mime', 'base64', 'email.charset', 'email.encoders', 'quopri', 'email.utils', 'socket', '_socket', 'email._parseaddr', 'email.message', 'uu', 'email._encoded_words', 'email.iterators', 'ssl', 'ipaddress', '_ssl', 'mmap', 'urllib.error', 'urllib.response', 'urllib.request', 'zipfile', 'pandas.core.internals.construction', 'pandas.core.series', 'pandas._libs.reshape', 'pandas.core.indexes.accessors', 'pandas.plotting', 'pandas.plotting._core', 'pandas.plotting._matplotlib', 'pandas.plotting._matplotlib.boxplot', 'matplotlib', 'matplotlib.cbook', 'glob', 'matplotlib.cbook.deprecation', 'matplotlib.rcsetup', 'matplotlib.fontconfig_pattern', 'pyparsing', 'matplotlib.colors', 'matplotlib._color_data', 'cycler', 'matplotlib._version', 'matplotlib.ft2font', 'kiwisolver']
2020-05-22 12:55:21,541 - matplotlib - DEBUG - CACHEDIR=/root/.cache/matplotlib
2020-05-22 12:55:21,543 - matplotlib.font_manager - DEBUG - Using fontManager instance from /root/.cache/matplotlib/fontlist-v310.json
2020-05-22 12:56:22,478 - root - DEBUG - Orginal length of dataset: 1697533
2020-05-22 12:56:27,587 - root - DEBUG - Length of Dataframe: 200000
2020-05-22 12:56:27,587 - root - DEBUG - 0.5
2020-05-22 12:56:27,588 - root - DEBUG - 0.5
2020-05-22 12:56:27,673 - root - DEBUG - label encoding done
2020-05-22 13:03:34,225 - root - DEBUG - feature extractiion: n-grams + TF-IDF done
2020-05-22 13:05:11,714 - root - DEBUG - transformation into tfidf vectors done
2020-05-22 18:02:04,350 - root - DEBUG - model building, training and prediction done
2020-05-22 18:02:04,351 - root - DEBUG - train: 0.5/ test: 0.5
2020-05-22 18:02:04,435 - root - DEBUG - Accuracy:0.6107
2020-05-22 18:02:04,436 - root - DEBUG - Precision:0.4811672002892025
2020-05-22 18:02:04,436 - root - DEBUG - F1:0.42573656874721555
2020-05-22 18:02:04,436 - root - DEBUG - 0.4
2020-05-22 18:02:04,436 - root - DEBUG - 0.6
2020-05-22 18:02:04,820 - root - DEBUG - label encoding done
2020-05-22 18:09:23,717 - root - DEBUG - feature extractiion: n-grams + TF-IDF done
2020-05-22 18:10:59,084 - root - DEBUG - transformation into tfidf vectors done
2020-05-23 00:32:35,496 - root - DEBUG - model building, training and prediction done
2020-05-23 00:32:35,497 - root - DEBUG - train: 0.6/ test: 0.4
2020-05-23 00:32:35,566 - root - DEBUG - Accuracy:0.6124125
2020-05-23 00:32:35,566 - root - DEBUG - Precision:0.48257245670380566
2020-05-23 00:32:35,566 - root - DEBUG - F1:0.4280465764908029
2020-05-23 00:32:35,566 - root - DEBUG - 0.3
2020-05-23 00:32:35,566 - root - DEBUG - 0.7
2020-05-23 00:32:35,890 - root - DEBUG - label encoding done
2020-05-23 00:39:46,749 - root - DEBUG - feature extractiion: n-grams + TF-IDF done
2020-05-23 00:41:21,396 - root - DEBUG - transformation into tfidf vectors done
2020-05-23 09:15:24,161 - root - DEBUG - model building, training and prediction done
2020-05-23 09:15:24,161 - root - DEBUG - train: 0.7/ test: 0.3
2020-05-23 09:15:24,213 - root - DEBUG - Accuracy:0.6160333333333333
2020-05-23 09:15:24,213 - root - DEBUG - Precision:0.48434189977145053
2020-05-23 09:15:24,213 - root - DEBUG - F1:0.4303474177221468
2020-05-23 09:15:24,213 - root - DEBUG - 0.2
2020-05-23 09:15:24,213 - root - DEBUG - 0.8
2020-05-23 09:15:24,486 - root - DEBUG - label encoding done
2020-05-23 09:22:27,444 - root - DEBUG - feature extractiion: n-grams + TF-IDF done
2020-05-23 09:24:00,423 - root - DEBUG - transformation into tfidf vectors done
2020-05-23 19:27:59,902 - root - DEBUG - model building, training and prediction done
2020-05-23 19:27:59,902 - root - DEBUG - train: 0.8/ test: 0.2
2020-05-23 19:27:59,940 - root - DEBUG - Accuracy:0.61675
2020-05-23 19:27:59,941 - root - DEBUG - Precision:0.4881105118129464
2020-05-23 19:27:59,941 - root - DEBUG - F1:0.4321888431525721
2020-05-23 19:27:59,941 - root - DEBUG - 0.1
2020-05-23 19:27:59,941 - root - DEBUG - 0.9
2020-05-23 19:28:00,225 - root - DEBUG - label encoding done
2020-05-23 19:34:50,154 - root - DEBUG - feature extractiion: n-grams + TF-IDF done
2020-05-23 19:36:15,958 - root - DEBUG - transformation into tfidf vectors done
2020-05-24 08:05:01,990 - root - DEBUG - model building, training and prediction done
2020-05-24 08:05:01,991 - root - DEBUG - train: 0.9/ test: 0.1
2020-05-24 08:05:02,006 - root - DEBUG - Accuracy:0.616
2020-05-24 08:05:02,006 - root - DEBUG - Precision:0.48863533288218425
2020-05-24 08:05:02,006 - root - DEBUG - F1:0.4301800171579179
2020-05-24 12:55:36,524 - root - ERROR - Invalid alias: The name clear can't be aliased because it is another magic command.
2020-05-24 12:55:36,525 - root - ERROR - Invalid alias: The name more can't be aliased because it is another magic command.
2020-05-24 12:55:36,525 - root - ERROR - Invalid alias: The name less can't be aliased because it is another magic command.
2020-05-24 12:55:36,525 - root - ERROR - Invalid alias: The name man can't be aliased because it is another magic command.
